0 verbose cli /usr/local/bin/node /usr/local/lib/node_modules/npm/bin/npm-cli.js
1 info using npm@11.6.2
2 info using node@v24.11.1
3 silly config load:file:/usr/local/lib/node_modules/npm/npmrc
4 silly config load:file:/Users/nachiketanalin/order-supervisor/.npmrc
5 silly config load:file:/Users/nachiketanalin/.npmrc
6 silly config load:file:/usr/local/etc/npmrc
7 verbose title npm exec create-next-app@latest frontend --typescript --tailwind --app --no-src-dir --import-alias @/* --yes
8 verbose argv "exec" "--cache" "/Users/nachiketanalin/order-supervisor/.npm-cache" "--" "create-next-app@latest" "frontend" "--typescript" "--tailwind" "--app" "--no-src-dir" "--import-alias" "@/*" "--yes"
9 verbose logfile logs-max:10 dir:/Users/nachiketanalin/order-supervisor/.npm-cache/_logs/2026-04-15T22_37_33_467Z-
10 verbose logfile /Users/nachiketanalin/order-supervisor/.npm-cache/_logs/2026-04-15T22_37_33_467Z-debug-0.log
11 silly logfile done cleaning log files
12 silly packumentCache heap:2348810240 maxSize:587202560 maxEntrySize:293601280
13 http fetch GET 200 https://registry.npmjs.org/npm 176ms
14 http fetch GET 200 https://registry.npmjs.org/create-next-app 256ms (cache miss)
15 silly packumentCache heap:2348810240 maxSize:587202560 maxEntrySize:293601280
16 silly packumentCache heap:2348810240 maxSize:587202560 maxEntrySize:293601280
17 silly idealTree buildDeps
18 silly fetch manifest create-next-app@16.2.4
19 silly packumentCache full:https://registry.npmjs.org/create-next-app cache-miss
20 http fetch GET 200 https://registry.npmjs.org/create-next-app 158ms (cache miss)
21 silly packumentCache full:https://registry.npmjs.org/create-next-app set size:undefined disposed:false
22 silly placeDep ROOT create-next-app@16.2.4 OK for:  want: 16.2.4
23 silly reify moves {}
24 silly audit bulk request { 'create-next-app': [ '16.2.4' ] }
25 http cache create-next-app@https://registry.npmjs.org/create-next-app/-/create-next-app-16.2.4.tgz 0ms (cache hit)
26 silly tarball no local data for create-next-app@https://registry.npmjs.org/create-next-app/-/create-next-app-16.2.4.tgz. Extracting by manifest.
27 http fetch GET 200 https://registry.npmjs.org/create-next-app/-/create-next-app-16.2.4.tgz 109ms (cache miss)
28 http fetch POST 200 https://registry.npmjs.org/-/npm/v1/security/advisories/bulk 330ms
29 silly audit report {}
30 verbose cwd /Users/nachiketanalin/order-supervisor
31 verbose os Darwin 22.6.0
32 verbose node v24.11.1
33 verbose npm  v11.6.2
34 notice
34 notice New [33mminor[39m version of npm available! [33m11.6.2[39m -> [34m11.12.1[39m
34 notice Changelog: [34mhttps://github.com/npm/cli/releases/tag/v11.12.1[39m
34 notice To update run: [4mnpm install -g npm@11.12.1[24m
34 notice  { force: true, Symbol(proc-log.meta): true }
35 verbose exit 127
36 verbose code 127
